<?xml version="1.0" encoding="UTF-8"?>
<testsuite name="org.example.UrlShortenerApplicationTests" tests="1" skipped="0" failures="0" errors="0" timestamp="2025-06-09T21:49:09" hostname="L3KV44WHJ9" time="0.457">
  <properties/>
  <testcase name="testShortenAndRedirect()" classname="org.example.UrlShortenerApplicationTests" time="0.457"/>
  <system-out><![CDATA[23:49:06.831 [Test worker] INFO org.springframework.test.context.support.AnnotationConfigContextLoaderUtils -- Could not detect default configuration classes for test class [org.example.UrlShortenerApplicationTests]: UrlShortenerApplicationTests does not declare any static, non-private, non-final, nested classes annotated with @Configuration.
23:49:06.868 [Test worker] INFO org.springframework.boot.test.context.SpringBootTestContextBootstrapper -- Found @SpringBootConfiguration org.example.UrlShortenerApplication for test class org.example.UrlShortenerApplicationTests

  .   ____          _            __ _ _
 /\\ / ___'_ __ _ _(_)_ __  __ _ \ \ \ \
( ( )\___ | '_ | '_| | '_ \/ _` | \ \ \ \
 \\/  ___)| |_)| | | | | || (_| |  ) ) ) )
  '  |____| .__|_| |_|_| |_\__, | / / / /
 =========|_|==============|___/=/_/_/_/
 :: Spring Boot ::                (v3.2.0)

2025-06-09T23:49:07.029+02:00  INFO 39478 --- [    Test worker] o.example.UrlShortenerApplicationTests   : Starting UrlShortenerApplicationTests using Java 21.0.3 with PID 39478 (started by shaomirahman in /Users/shaomirahman/Documents/GitHub/URL-Shortner)
2025-06-09T23:49:07.030+02:00  INFO 39478 --- [    Test worker] o.example.UrlShortenerApplicationTests   : The following 1 profile is active: "test"
2025-06-09T23:49:07.332+02:00  INFO 39478 --- [    Test worker] .s.d.r.c.RepositoryConfigurationDelegate : Bootstrapping Spring Data JPA repositories in DEFAULT mode.
2025-06-09T23:49:07.349+02:00  INFO 39478 --- [    Test worker] .s.d.r.c.RepositoryConfigurationDelegate : Finished Spring Data repository scanning in 15 ms. Found 1 JPA repository interface.
2025-06-09T23:49:07.648+02:00  INFO 39478 --- [    Test worker] o.s.b.w.embedded.tomcat.TomcatWebServer  : Tomcat initialized with port 0 (http)
2025-06-09T23:49:07.652+02:00  INFO 39478 --- [    Test worker] o.apache.catalina.core.StandardService   : Starting service [Tomcat]
2025-06-09T23:49:07.652+02:00  INFO 39478 --- [    Test worker] o.apache.catalina.core.StandardEngine    : Starting Servlet engine: [Apache Tomcat/10.1.16]
2025-06-09T23:49:07.675+02:00  INFO 39478 --- [    Test worker] o.a.c.c.C.[Tomcat].[localhost].[/]       : Initializing Spring embedded WebApplicationContext
2025-06-09T23:49:07.676+02:00  INFO 39478 --- [    Test worker] w.s.c.ServletWebServerApplicationContext : Root WebApplicationContext: initialization completed in 639 ms
2025-06-09T23:49:07.811+02:00  INFO 39478 --- [    Test worker] o.hibernate.jpa.internal.util.LogHelper  : HHH000204: Processing PersistenceUnitInfo [name: default]
2025-06-09T23:49:07.829+02:00  INFO 39478 --- [    Test worker] org.hibernate.Version                    : HHH000412: Hibernate ORM core version 6.3.1.Final
2025-06-09T23:49:07.841+02:00  INFO 39478 --- [    Test worker] o.h.c.internal.RegionFactoryInitiator    : HHH000026: Second-level cache disabled
2025-06-09T23:49:07.925+02:00  INFO 39478 --- [    Test worker] o.s.o.j.p.SpringPersistenceUnitInfo      : No LoadTimeWeaver setup: ignoring JPA class transformer
2025-06-09T23:49:07.934+02:00  INFO 39478 --- [    Test worker] com.zaxxer.hikari.HikariDataSource       : HikariPool-1 - Starting...
2025-06-09T23:49:08.013+02:00  INFO 39478 --- [    Test worker] com.zaxxer.hikari.pool.HikariPool        : HikariPool-1 - Added connection conn0: url=jdbc:h2:mem:testdb user=SA
2025-06-09T23:49:08.014+02:00  INFO 39478 --- [    Test worker] com.zaxxer.hikari.HikariDataSource       : HikariPool-1 - Start completed.
2025-06-09T23:49:08.289+02:00  INFO 39478 --- [    Test worker] o.h.e.t.j.p.i.JtaPlatformInitiator       : HHH000489: No JTA platform available (set 'hibernate.transaction.jta.platform' to enable JTA platform integration)
Hibernate: drop table if exists url_mapping cascade 
Hibernate: create table url_mapping (id bigint generated by default as identity, original_url varchar(255) not null, short_code varchar(255) not null unique, primary key (id))
2025-06-09T23:49:08.302+02:00  INFO 39478 --- [    Test worker] j.LocalContainerEntityManagerFactoryBean : Initialized JPA EntityManagerFactory for persistence unit 'default'
2025-06-09T23:49:08.713+02:00  WARN 39478 --- [    Test worker] JpaBaseConfiguration$JpaWebConfiguration : spring.jpa.open-in-view is enabled by default. Therefore, database queries may be performed during view rendering. Explicitly configure spring.jpa.open-in-view to disable this warning
2025-06-09T23:49:09.027+02:00  INFO 39478 --- [    Test worker] o.s.b.a.e.web.EndpointLinksResolver      : Exposing 2 endpoint(s) beneath base path '/actuator'
2025-06-09T23:49:09.064+02:00  INFO 39478 --- [    Test worker] o.s.b.w.embedded.tomcat.TomcatWebServer  : Tomcat started on port 60209 (http) with context path ''
2025-06-09T23:49:09.075+02:00  INFO 39478 --- [    Test worker] o.example.UrlShortenerApplicationTests   : Started UrlShortenerApplicationTests in 2.155 seconds (process running for 2.602)
2025-06-09T23:49:09.449+02:00  INFO 39478 --- [o-auto-1-exec-1] o.a.c.c.C.[Tomcat].[localhost].[/]       : Initializing Spring DispatcherServlet 'dispatcherServlet'
2025-06-09T23:49:09.449+02:00  INFO 39478 --- [o-auto-1-exec-1] o.s.web.servlet.DispatcherServlet        : Initializing Servlet 'dispatcherServlet'
2025-06-09T23:49:09.450+02:00  INFO 39478 --- [o-auto-1-exec-1] o.s.web.servlet.DispatcherServlet        : Completed initialization in 1 ms
Hibernate: select um1_0.id,um1_0.original_url,um1_0.short_code from url_mapping um1_0 where um1_0.original_url=?
Hibernate: insert into url_mapping (original_url,short_code,id) values (?,?,default)
Hibernate: select um1_0.id,um1_0.original_url,um1_0.short_code from url_mapping um1_0 where um1_0.short_code=?
]]></system-out>
  <system-err><![CDATA[WARNING: A Java agent has been loaded dynamically (/Users/shaomirahman/.gradle/caches/modules-2/files-2.1/net.bytebuddy/byte-buddy-agent/1.14.10/90ed94ac044ea8953b224304c762316e91fd6b31/byte-buddy-agent-1.14.10.jar)
WARNING: If a serviceability tool is in use, please run with -XX:+EnableDynamicAgentLoading to hide this warning
WARNING: If a serviceability tool is not in use, please run with -Djdk.instrument.traceUsage for more information
WARNING: Dynamic loading of agents will be disallowed by default in a future release
]]></system-err>
</testsuite>
